# JRE version: OpenJDK Runtime Environment (8.0_212-b03) (build 1.8.0_212-8u212-b03-0ubuntu1.18.04.1-b03)
# Java VM: OpenJDK 64-Bit Server VM (25.212-b03 mixed mode linux-amd64 compressed oops)
Heap:
 def new generation   total 668288K, used 0K [0x00000006c0000000, 0x00000006ed520000, 0x0000000715550000)
  eden space 594048K,   0% used [0x00000006c0000000, 0x00000006c0000000, 0x00000006e4420000)
  from space 74240K,   0% used [0x00000006e4420000, 0x00000006e4420000, 0x00000006e8ca0000)
  to   space 74240K,   0% used [0x00000006e8ca0000, 0x00000006e8ca0000, 0x00000006ed520000)
 tenured generation   total 1614960K, used 1325629K [0x0000000715550000, 0x0000000777e6c000, 0x00000007c0000000)
   the space 1614960K,  82% used [0x0000000715550000, 0x00000007663df4b0, 0x00000007663df600, 0x0000000777e6c000)
 Metaspace       used 138634K, capacity 157153K, committed 157464K, reserved 1187840K
  class space    used 18193K, capacity 19176K, committed 19240K, reserved 1048576K
GC Heap History (10 events):
Event: 868,290 GC heap after
Heap after GC invocations=194 (full 8):
 def new generation   total 668288K, used 32402K [0x00000006c0000000, 0x00000006ed520000, 0x0000000715550000)
  eden space 594048K,   0% used [0x00000006c0000000, 0x00000006c0000000, 0x00000006e4420000)
  from space 74240K,  43% used [0x00000006e8ca0000, 0x00000006eac44b30, 0x00000006ed520000)
  to   space 74240K,   0% used [0x00000006e4420000, 0x00000006e4420000, 0x00000006e8ca0000)
 tenured generation   total 1484892K, used 1259064K [0x0000000715550000, 0x000000076ff67000, 0x00000007c0000000)
   the space 1484892K,  84% used [0x0000000715550000, 0x00000007622de208, 0x00000007622de400, 0x000000076ff67000)
 Metaspace       used 138634K, capacity 157153K, committed 157464K, reserved 1187840K
  class space    used 18193K, capacity 19176K, committed 19240K, reserved 1048576K
}
Event: 871,776 GC heap before
{Heap before GC invocations=194 (full 8):
 def new generation   total 668288K, used 626450K [0x00000006c0000000, 0x00000006ed520000, 0x0000000715550000)
  eden space 594048K, 100% used [0x00000006c0000000, 0x00000006e4420000, 0x00000006e4420000)
  from space 74240K,  43% used [0x00000006e8ca0000, 0x00000006eac44b30, 0x00000006ed520000)
  to   space 74240K,   0% used [0x00000006e4420000, 0x00000006e4420000, 0x00000006e8ca0000)
 tenured generation   total 1484892K, used 1259064K [0x0000000715550000, 0x000000076ff67000, 0x00000007c0000000)
   the space 1484892K,  84% used [0x0000000715550000, 0x00000007622de208, 0x00000007622de400, 0x000000076ff67000)
 Metaspace       used 138634K, capacity 157153K, committed 157464K, reserved 1187840K
  class space    used 18193K, capacity 19176K, committed 19240K, reserved 1048576K
Event: 871,944 GC heap after
Heap after GC invocations=195 (full 8):
 def new generation   total 668288K, used 56694K [0x00000006c0000000, 0x00000006ed520000, 0x0000000715550000)
  eden space 594048K,   0% used [0x00000006c0000000, 0x00000006c0000000, 0x00000006e4420000)
  from space 74240K,  76% used [0x00000006e4420000, 0x00000006e7b7d9d0, 0x00000006e8ca0000)
  to   space 74240K,   0% used [0x00000006e8ca0000, 0x00000006e8ca0000, 0x00000006ed520000)
 tenured generation   total 1484892K, used 1259064K [0x0000000715550000, 0x000000076ff67000, 0x00000007c0000000)
   the space 1484892K,  84% used [0x0000000715550000, 0x00000007622de208, 0x00000007622de400, 0x000000076ff67000)
 Metaspace       used 138634K, capacity 157153K, committed 157464K, reserved 1187840K
  class space    used 18193K, capacity 19176K, committed 19240K, reserved 1048576K
}
Event: 874,594 GC heap before
{Heap before GC invocations=195 (full 8):
 def new generation   total 668288K, used 650742K [0x00000006c0000000, 0x00000006ed520000, 0x0000000715550000)
  eden space 594048K, 100% used [0x00000006c0000000, 0x00000006e4420000, 0x00000006e4420000)
  from space 74240K,  76% used [0x00000006e4420000, 0x00000006e7b7d9d0, 0x00000006e8ca0000)
  to   space 74240K,   0% used [0x00000006e8ca0000, 0x00000006e8ca0000, 0x00000006ed520000)
 tenured generation   total 1484892K, used 1259064K [0x0000000715550000, 0x000000076ff67000, 0x00000007c0000000)
   the space 1484892K,  84% used [0x0000000715550000, 0x00000007622de208, 0x00000007622de400, 0x000000076ff67000)
 Metaspace       used 138634K, capacity 157153K, committed 157464K, reserved 1187840K
  class space    used 18193K, capacity 19176K, committed 19240K, reserved 1048576K
Event: 874,776 GC heap after
Heap after GC invocations=196 (full 8):
 def new generation   total 668288K, used 32969K [0x00000006c0000000, 0x00000006ed520000, 0x0000000715550000)
  eden space 594048K,   0% used [0x00000006c0000000, 0x00000006c0000000, 0x00000006e4420000)
  from space 74240K,  44% used [0x00000006e8ca0000, 0x00000006eacd27a0, 0x00000006ed520000)
  to   space 74240K,   0% used [0x00000006e4420000, 0x00000006e4420000, 0x00000006e8ca0000)
 tenured generation   total 1484892K, used 1288425K [0x0000000715550000, 0x000000076ff67000, 0x00000007c0000000)
   the space 1484892K,  86% used [0x0000000715550000, 0x0000000763f8a6b8, 0x0000000763f8a800, 0x000000076ff67000)
 Metaspace       used 138634K, capacity 157153K, committed 157464K, reserved 1187840K
  class space    used 18193K, capacity 19176K, committed 19240K, reserved 1048576K
}
Event: 877,756 GC heap before
{Heap before GC invocations=196 (full 8):
 def new generation   total 668288K, used 627017K [0x00000006c0000000, 0x00000006ed520000, 0x0000000715550000)
  eden space 594048K, 100% used [0x00000006c0000000, 0x00000006e4420000, 0x00000006e4420000)
  from space 74240K,  44% used [0x00000006e8ca0000, 0x00000006eacd27a0, 0x00000006ed520000)
  to   space 74240K,   0% used [0x00000006e4420000, 0x00000006e4420000, 0x00000006e8ca0000)
 tenured generation   total 1484892K, used 1288425K [0x0000000715550000, 0x000000076ff67000, 0x00000007c0000000)
   the space 1484892K,  86% used [0x0000000715550000, 0x0000000763f8a6b8, 0x0000000763f8a800, 0x000000076ff67000)
 Metaspace       used 138634K, capacity 157153K, committed 157464K, reserved 1187840K
  class space    used 18193K, capacity 19176K, committed 19240K, reserved 1048576K
Event: 877,844 GC heap after
Heap after GC invocations=197 (full 8):
 def new generation   total 668288K, used 15847K [0x00000006c0000000, 0x00000006ed520000, 0x0000000715550000)
  eden space 594048K,   0% used [0x00000006c0000000, 0x00000006c0000000, 0x00000006e4420000)
  from space 74240K,  21% used [0x00000006e4420000, 0x00000006e5399c10, 0x00000006e8ca0000)
  to   space 74240K,   0% used [0x00000006e8ca0000, 0x00000006e8ca0000, 0x00000006ed520000)
 tenured generation   total 1484892K, used 1288425K [0x0000000715550000, 0x000000076ff67000, 0x00000007c0000000)
   the space 1484892K,  86% used [0x0000000715550000, 0x0000000763f8a6b8, 0x0000000763f8a800, 0x000000076ff67000)
 Metaspace       used 138634K, capacity 157153K, committed 157464K, reserved 1187840K
  class space    used 18193K, capacity 19176K, committed 19240K, reserved 1048576K
}
Event: 881,010 GC heap before
{Heap before GC invocations=197 (full 8):
 def new generation   total 668288K, used 515306K [0x00000006c0000000, 0x00000006ed520000, 0x0000000715550000)
  eden space 594048K,  84% used [0x00000006c0000000, 0x00000006de7c0f30, 0x00000006e4420000)
  from space 74240K,  21% used [0x00000006e4420000, 0x00000006e5399c10, 0x00000006e8ca0000)
  to   space 74240K,   0% used [0x00000006e8ca0000, 0x00000006e8ca0000, 0x00000006ed520000)
 tenured generation   total 1484892K, used 1288425K [0x0000000715550000, 0x000000076ff67000, 0x00000007c0000000)
   the space 1484892K,  86% used [0x0000000715550000, 0x0000000763f8a6b8, 0x0000000763f8a800, 0x000000076ff67000)
 Metaspace       used 138634K, capacity 157153K, committed 157464K, reserved 1187840K
  class space    used 18193K, capacity 19176K, committed 19240K, reserved 1048576K
Event: 881,226 GC heap after
Heap after GC invocations=198 (full 8):
 def new generation   total 668288K, used 74239K [0x00000006c0000000, 0x00000006ed520000, 0x0000000715550000)
  eden space 594048K,   0% used [0x00000006c0000000, 0x00000006c0000000, 0x00000006e4420000)
  from space 74240K,  99% used [0x00000006e8ca0000, 0x00000006ed51fff8, 0x00000006ed520000)
  to   space 74240K,   0% used [0x00000006e4420000, 0x00000006e4420000, 0x00000006e8ca0000)
 tenured generation   total 1484892K, used 1355744K [0x0000000715550000, 0x000000076ff67000, 0x00000007c0000000)
   the space 1484892K,  91% used [0x0000000715550000, 0x0000000768148238, 0x0000000768148400, 0x000000076ff67000)
 Metaspace       used 138634K, capacity 157153K, committed 157464K, reserved 1187840K
  class space    used 18193K, capacity 19176K, committed 19240K, reserved 1048576K
}
Event: 881,458 GC heap before
{Heap before GC invocations=198 (full 8):
 def new generation   total 668288K, used 604312K [0x00000006c0000000, 0x00000006ed520000, 0x0000000715550000)
  eden space 594048K,  89% used [0x00000006c0000000, 0x00000006e05a6300, 0x00000006e4420000)
  from space 74240K,  99% used [0x00000006e8ca0000, 0x00000006ed51fff8, 0x00000006ed520000)
  to   space 74240K,   0% used [0x00000006e4420000, 0x00000006e4420000, 0x00000006e8ca0000)
 tenured generation   total 1484892K, used 1355744K [0x0000000715550000, 0x000000076ff67000, 0x00000007c0000000)
   the space 1484892K,  91% used [0x0000000715550000, 0x0000000768148238, 0x0000000768148400, 0x000000076ff67000)
 Metaspace       used 138634K, capacity 157153K, committed 157464K, reserved 1187840K
  class space    used 18193K, capacity 19176K, committed 19240K, reserved 1048576K

